[23:57:57:902][DEBUG] (application:preHandle) - security Interceptor start-------------------------
 [23:57:59:978][DEBUG] (application:preHandle) - security Interceptor start-------------------------
 [23:58:39:658][DEBUG] (application:preHandle) - security Interceptor start-------------------------
 [23:58:39:781][DEBUG] (application:preHandle) - security Interceptor start-------------------------
 [23:58:53:066][DEBUG] (application:preHandle) - security Interceptor start-------------------------
 [23:58:53:174][DEBUG] (application:preHandle) - security Interceptor start-------------------------
 [23:59:11:737][DEBUG] (application:preHandle) - security Interceptor start-------------------------
 [23:59:11:834][DEBUG] (application:preHandle) - security Interceptor start-------------------------
 [23:59:32:697][DEBUG] (application:preHandle) - security Interceptor start-------------------------
 [23:59:32:782][DEBUG] (application:preHandle) - security Interceptor start-------------------------
 [00:03:10:979][DEBUG] (application:preHandle) - security Interceptor start-------------------------
 [00:03:12:542][DEBUG] (application:preHandle) - security Interceptor start-------------------------
 [00:03:12:546][DEBUG] (application:preHandle) - security Interceptor start-------------------------
 [00:03:12:544][DEBUG] (application:preHandle) - security Interceptor start-------------------------
 [00:03:12:597][DEBUG] (application:preHandle) - security Interceptor start-------------------------
 [00:03:12:612][DEBUG] (application:preHandle) - security Interceptor start-------------------------
 [00:03:12:618][DEBUG] (application:preHandle) - security Interceptor start-------------------------
 [00:03:13:137][DEBUG] (application:preHandle) - security Interceptor start-------------------------
 [00:05:38:089][DEBUG] (application:preHandle) - security Interceptor start-------------------------
 [00:05:38:299][DEBUG] (application:preHandle) - security Interceptor start-------------------------
 [00:05:38:300][DEBUG] (application:preHandle) - security Interceptor start-------------------------
 [00:05:38:302][DEBUG] (application:preHandle) - security Interceptor start-------------------------
 [00:05:38:339][DEBUG] (application:preHandle) - security Interceptor start-------------------------
 [00:05:38:365][DEBUG] (application:preHandle) - security Interceptor start-------------------------
 [00:05:38:367][DEBUG] (application:preHandle) - security Interceptor start-------------------------
 [00:05:38:918][DEBUG] (application:preHandle) - security Interceptor start-------------------------
 [00:07:06:013][DEBUG] (application:preHandle) - security Interceptor start-------------------------
 [00:07:06:231][DEBUG] (application:preHandle) - security Interceptor start-------------------------
 [00:07:06:232][DEBUG] (application:preHandle) - security Interceptor start-------------------------
 [00:07:06:234][DEBUG] (application:preHandle) - security Interceptor start-------------------------
 [00:07:06:271][DEBUG] (application:preHandle) - security Interceptor start-------------------------
 [00:07:06:284][DEBUG] (application:preHandle) - security Interceptor start-------------------------
 [00:07:06:291][DEBUG] (application:preHandle) - security Interceptor start-------------------------
 [00:07:07:167][DEBUG] (application:preHandle) - security Interceptor start-------------------------
 [00:10:35:045][DEBUG] (application:preHandle) - security Interceptor start-------------------------
 [00:10:36:469][DEBUG] (application:preHandle) - security Interceptor start-------------------------
 [00:10:36:473][DEBUG] (application:preHandle) - security Interceptor start-------------------------
 [00:10:37:107][DEBUG] (application:preHandle) - security Interceptor start-------------------------
 [00:12:26:381][DEBUG] (application:preHandle) - security Interceptor start-------------------------
 [00:12:28:277][DEBUG] (application:preHandle) - security Interceptor start-------------------------
 [00:12:45:341][DEBUG] (application:signIn) - account validate start
 [00:12:45:372][DEBUG] (application:signIn) - account validate end successfully
 [00:12:46:429][INFO] (application:signIn) - 操作：用户登陆 用户ID:1001 IP:0:0:0:0:0:0:0:1 状态：success 信息:
 [00:12:46:491][DEBUG] (application:preHandle) - security Interceptor start-------------------------
 [00:12:46:492][DEBUG] (application:preHandle) - URL:/;redirect
 [00:12:46:668][DEBUG] (application:preHandle) - security Interceptor start-------------------------
 [00:18:19:061][DEBUG] (application:preHandle) - security Interceptor start-------------------------
 [00:18:31:880][DEBUG] (application:preHandle) - security Interceptor start-------------------------
 [00:19:08:989][DEBUG] (application:signIn) - account validate start
 [00:19:09:010][DEBUG] (application:signIn) - account validate end successfully
 [00:19:09:027][INFO] (application:signIn) - 操作：用户登陆 用户ID:1001 IP:0:0:0:0:0:0:0:1 状态：success 信息:
 [00:19:09:063][DEBUG] (application:preHandle) - security Interceptor start-------------------------
 [00:19:09:064][DEBUG] (application:preHandle) - URL:/;redirect
 [00:27:36:710][DEBUG] (application:preHandle) - security Interceptor start-------------------------
 [00:27:55:656][DEBUG] (application:signIn) - account validate start
 [00:27:55:678][DEBUG] (application:signIn) - account validate end successfully
 [00:27:55:695][INFO] (application:signIn) - 操作：用户登陆 用户ID:1001 IP:0:0:0:0:0:0:0:1 状态：success 信息:
 [00:27:55:747][DEBUG] (application:preHandle) - security Interceptor start-------------------------
 [00:27:56:412][DEBUG] (application:loadMenu) - get  menus by role:systemAdmin
 [00:27:56:412][DEBUG] (application:loadMenu) - get menus successfully
 [00:28:02:539][DEBUG] (application:preHandle) - security Interceptor start-------------------------
 [00:28:02:540][DEBUG] (application:preHandle) - request URL:/WMS/systemAdmin/supplierManage/getSupplierList;roleName:systemAdmin;modeName:supplierManage;methodName:getSupplierList
 [00:28:02:540][DEBUG] (application:preHandle) - role validate pass
 [00:28:02:540][DEBUG] (application:preHandle) - request permission validate pass
 [00:28:04:950][DEBUG] (application:preHandle) - security Interceptor start-------------------------
 [00:28:04:951][DEBUG] (application:preHandle) - request URL:/WMS/systemAdmin/supplierManage/getSupplierList;roleName:systemAdmin;modeName:supplierManage;methodName:getSupplierList
 [00:28:04:951][DEBUG] (application:preHandle) - role validate pass
 [00:28:04:951][DEBUG] (application:preHandle) - request permission validate pass
 [00:28:28:318][DEBUG] (application:preHandle) - security Interceptor start-------------------------
 [00:28:28:318][DEBUG] (application:preHandle) - request URL:/WMS/systemAdmin/supplierManage/addSupplier;roleName:systemAdmin;modeName:supplierManage;methodName:addSupplier
 [00:28:28:318][DEBUG] (application:preHandle) - role validate pass
 [00:28:28:318][DEBUG] (application:preHandle) - request permission validate pass
 [00:28:29:260][DEBUG] (application:addSupplier) - insert a new supplier successfully
 [00:28:29:370][DEBUG] (application:preHandle) - security Interceptor start-------------------------
 [00:28:29:370][DEBUG] (application:preHandle) - request URL:/WMS/systemAdmin/supplierManage/getSupplierList;roleName:systemAdmin;modeName:supplierManage;methodName:getSupplierList
 [00:28:29:370][DEBUG] (application:preHandle) - role validate pass
 [00:28:29:370][DEBUG] (application:preHandle) - request permission validate pass
 [00:28:32:637][DEBUG] (application:preHandle) - security Interceptor start-------------------------
 [00:28:32:637][DEBUG] (application:preHandle) - request URL:/WMS/systemAdmin/supplierManage/deleteSupplier;roleName:systemAdmin;modeName:supplierManage;methodName:deleteSupplier
 [00:28:32:637][DEBUG] (application:preHandle) - role validate pass
 [00:28:32:638][DEBUG] (application:preHandle) - request permission validate pass
 [00:28:32:767][DEBUG] (application:preHandle) - security Interceptor start-------------------------
 [00:28:32:767][DEBUG] (application:preHandle) - request URL:/WMS/systemAdmin/supplierManage/getSupplierList;roleName:systemAdmin;modeName:supplierManage;methodName:getSupplierList
 [00:28:32:768][DEBUG] (application:preHandle) - role validate pass
 [00:28:32:768][DEBUG] (application:preHandle) - request permission validate pass
 [00:29:50:461][DEBUG] (application:preHandle) - security Interceptor start-------------------------
 [00:31:44:943][DEBUG] (application:preHandle) - security Interceptor start-------------------------
 [00:31:44:944][DEBUG] (application:preHandle) - request URL:/WMS/systemAdmin/repositoryManage/getRepositoryList;roleName:systemAdmin;modeName:repositoryManage;methodName:getRepositoryList
 [00:31:44:944][DEBUG] (application:preHandle) - role validate pass
 [00:31:44:944][DEBUG] (application:preHandle) - request permission validate pass
 [00:31:46:789][DEBUG] (application:preHandle) - security Interceptor start-------------------------
 [00:31:46:789][DEBUG] (application:preHandle) - request URL:/WMS/systemAdmin/repositoryManage/getRepositoryList;roleName:systemAdmin;modeName:repositoryManage;methodName:getRepositoryList
 [00:31:46:789][DEBUG] (application:preHandle) - role validate pass
 [00:31:46:790][DEBUG] (application:preHandle) - request permission validate pass
 [00:31:51:650][DEBUG] (application:preHandle) - security Interceptor start-------------------------
 [00:31:51:650][DEBUG] (application:preHandle) - request URL:/WMS/systemAdmin/repositoryManage/getRepositoryList;roleName:systemAdmin;modeName:repositoryManage;methodName:getRepositoryList
 [00:31:51:650][DEBUG] (application:preHandle) - role validate pass
 [00:31:51:650][DEBUG] (application:preHandle) - request permission validate pass
 [00:31:54:360][DEBUG] (application:preHandle) - security Interceptor start-------------------------
 [00:31:54:360][DEBUG] (application:preHandle) - request URL:/WMS/systemAdmin/storageManage/getStorageListWithRepository;roleName:systemAdmin;modeName:storageManage;methodName:getStorageListWithRepository
 [00:31:54:361][DEBUG] (application:preHandle) - role validate pass
 [00:31:54:361][DEBUG] (application:preHandle) - request permission validate pass
 [00:31:54:409][DEBUG] (application:preHandle) - security Interceptor start-------------------------
 [00:31:54:409][DEBUG] (application:preHandle) - request URL:/WMS/systemAdmin/repositoryManage/getRepositoryList;roleName:systemAdmin;modeName:repositoryManage;methodName:getRepositoryList
 [00:31:54:410][DEBUG] (application:preHandle) - role validate pass
 [00:31:54:410][DEBUG] (application:preHandle) - request permission validate pass
 [00:31:56:973][DEBUG] (application:preHandle) - security Interceptor start-------------------------
 [00:31:56:974][DEBUG] (application:preHandle) - request URL:/WMS/systemAdmin/storageManage/getStorageListWithRepository;roleName:systemAdmin;modeName:storageManage;methodName:getStorageListWithRepository
 [00:31:56:974][DEBUG] (application:preHandle) - role validate pass
 [00:31:56:974][DEBUG] (application:preHandle) - request permission validate pass
 [00:40:38:228][DEBUG] (application:preHandle) - security Interceptor start-------------------------
 [00:40:50:900][DEBUG] (application:signIn) - account validate start
 [00:40:50:921][DEBUG] (application:signIn) - account validate end successfully
 [00:40:50:949][INFO] (application:signIn) - 操作：用户登陆 用户ID:1001 IP:0:0:0:0:0:0:0:1 状态：success 信息:
 [00:40:51:005][DEBUG] (application:preHandle) - security Interceptor start-------------------------
 [00:40:51:299][DEBUG] (application:loadMenu) - get  menus by role:systemAdmin
 [00:40:51:299][DEBUG] (application:loadMenu) - get menus successfully
 [00:40:53:515][DEBUG] (application:preHandle) - security Interceptor start-------------------------
 [23:45:26:725][DEBUG] (application:preHandle) - security Interceptor start-------------------------
 [09:09:12:282][DEBUG] (application:preHandle) - security Interceptor start-------------------------
 [09:09:37:917][DEBUG] (application:signIn) - account validate start
 [09:09:37:942][DEBUG] (application:signIn) - account validate end successfully
 [09:09:37:964][INFO] (application:signIn) - 操作：用户登陆 用户ID:1001 IP:0:0:0:0:0:0:0:1 状态：success 信息:
 [09:09:37:997][DEBUG] (application:preHandle) - security Interceptor start-------------------------
 [09:09:38:289][DEBUG] (application:loadMenu) - get  menus by role:systemAdmin
 [09:09:38:290][DEBUG] (application:loadMenu) - get menus successfully
 [09:09:57:371][DEBUG] (application:passwordModify) - password modify successfully
 [09:10:01:903][DEBUG] (application:preHandle) - security Interceptor start-------------------------
 [09:10:19:372][DEBUG] (application:signIn) - account validate start
 [09:10:19:376][INFO] (application:signIn) - 操作：用户登陆 用户ID:1001 IP:0:0:0:0:0:0:0:1 状态：error 信息:
 [09:10:27:197][DEBUG] (application:signIn) - account validate start
 [09:10:27:200][INFO] (application:signIn) - 操作：用户登陆 用户ID:1001 IP:0:0:0:0:0:0:0:1 状态：error 信息:
 [09:10:40:297][DEBUG] (application:signIn) - account validate start
 [09:10:40:299][DEBUG] (application:signIn) - account validate end successfully
 [09:10:40:316][INFO] (application:signIn) - 操作：用户登陆 用户ID:1001 IP:0:0:0:0:0:0:0:1 状态：success 信息:
 [09:10:40:327][DEBUG] (application:preHandle) - security Interceptor start-------------------------
 [09:10:40:438][DEBUG] (application:loadMenu) - get  menus by role:systemAdmin
 [09:10:40:438][DEBUG] (application:loadMenu) - get menus successfully
 [09:10:48:088][DEBUG] (application:preHandle) - security Interceptor start-------------------------
 [09:10:48:088][DEBUG] (application:preHandle) - request URL:/WMS/systemAdmin/supplierManage/getSupplierList;roleName:systemAdmin;modeName:supplierManage;methodName:getSupplierList
 [09:10:48:089][DEBUG] (application:preHandle) - role validate pass
 [09:10:48:089][DEBUG] (application:preHandle) - request permission validate pass
 [09:10:50:697][DEBUG] (application:preHandle) - security Interceptor start-------------------------
 [09:10:50:697][DEBUG] (application:preHandle) - request URL:/WMS/systemAdmin/supplierManage/getSupplierList;roleName:systemAdmin;modeName:supplierManage;methodName:getSupplierList
 [09:10:50:698][DEBUG] (application:preHandle) - role validate pass
 [09:10:50:698][DEBUG] (application:preHandle) - request permission validate pass
 [09:10:56:689][DEBUG] (application:preHandle) - security Interceptor start-------------------------
 [09:10:56:689][DEBUG] (application:preHandle) - request URL:/WMS/systemAdmin/supplierManage/getSupplierList;roleName:systemAdmin;modeName:supplierManage;methodName:getSupplierList
 [09:10:56:690][DEBUG] (application:preHandle) - role validate pass
 [09:10:56:690][DEBUG] (application:preHandle) - request permission validate pass
 [09:10:59:904][DEBUG] (application:preHandle) - security Interceptor start-------------------------
 [09:10:59:904][DEBUG] (application:preHandle) - request URL:/WMS/systemAdmin/supplierManage/getSupplierList;roleName:systemAdmin;modeName:supplierManage;methodName:getSupplierList
 [09:10:59:904][DEBUG] (application:preHandle) - role validate pass
 [09:10:59:904][DEBUG] (application:preHandle) - request permission validate pass
 [09:11:12:721][DEBUG] (application:preHandle) - security Interceptor start-------------------------
 [09:11:12:721][DEBUG] (application:preHandle) - request URL:/WMS/systemAdmin/supplierManage/getSupplierList;roleName:systemAdmin;modeName:supplierManage;methodName:getSupplierList
 [09:11:12:722][DEBUG] (application:preHandle) - role validate pass
 [09:11:12:722][DEBUG] (application:preHandle) - request permission validate pass
 [09:11:27:735][DEBUG] (application:preHandle) - security Interceptor start-------------------------
 [09:11:27:735][DEBUG] (application:preHandle) - request URL:/WMS/systemAdmin/supplierManage/getSupplierList;roleName:systemAdmin;modeName:supplierManage;methodName:getSupplierList
 [09:11:27:736][DEBUG] (application:preHandle) - role validate pass
 [09:11:27:736][DEBUG] (application:preHandle) - request permission validate pass
 [09:12:34:771][DEBUG] (application:preHandle) - security Interceptor start-------------------------
 [09:12:34:772][DEBUG] (application:preHandle) - request URL:/WMS/systemAdmin/supplierManage/addSupplier;roleName:systemAdmin;modeName:supplierManage;methodName:addSupplier
 [09:12:34:772][DEBUG] (application:preHandle) - role validate pass
 [09:12:34:773][DEBUG] (application:preHandle) - request permission validate pass
 [09:12:42:255][DEBUG] (application:preHandle) - security Interceptor start-------------------------
 [09:12:42:255][DEBUG] (application:preHandle) - request URL:/WMS/systemAdmin/supplierManage/addSupplier;roleName:systemAdmin;modeName:supplierManage;methodName:addSupplier
 [09:12:42:256][DEBUG] (application:preHandle) - role validate pass
 [09:12:42:256][DEBUG] (application:preHandle) - request permission validate pass
 [09:16:34:736][DEBUG] (application:preHandle) - security Interceptor start-------------------------
 [09:16:34:737][DEBUG] (application:preHandle) - request URL:/WMS/systemAdmin/supplierManage/addSupplier;roleName:systemAdmin;modeName:supplierManage;methodName:addSupplier
 [09:16:34:737][DEBUG] (application:preHandle) - role validate pass
 [09:16:34:737][DEBUG] (application:preHandle) - request permission validate pass
 [09:16:34:746][DEBUG] (application:addSupplier) - insert a new supplier successfully
 [09:16:34:812][DEBUG] (application:preHandle) - security Interceptor start-------------------------
 [09:16:34:812][DEBUG] (application:preHandle) - request URL:/WMS/systemAdmin/supplierManage/getSupplierList;roleName:systemAdmin;modeName:supplierManage;methodName:getSupplierList
 [09:16:34:813][DEBUG] (application:preHandle) - role validate pass
 [09:16:34:813][DEBUG] (application:preHandle) - request permission validate pass
 [09:17:01:848][DEBUG] (application:preHandle) - security Interceptor start-------------------------
 [09:17:01:849][DEBUG] (application:preHandle) - request URL:/WMS/systemAdmin/supplierManage/updateSupplier;roleName:systemAdmin;modeName:supplierManage;methodName:updateSupplier
 [09:17:01:849][DEBUG] (application:preHandle) - role validate pass
 [09:17:01:849][DEBUG] (application:preHandle) - request permission validate pass
 [09:17:02:756][DEBUG] (application:preHandle) - security Interceptor start-------------------------
 [09:17:02:757][DEBUG] (application:preHandle) - request URL:/WMS/systemAdmin/supplierManage/getSupplierList;roleName:systemAdmin;modeName:supplierManage;methodName:getSupplierList
 [09:17:02:757][DEBUG] (application:preHandle) - role validate pass
 [09:17:02:757][DEBUG] (application:preHandle) - request permission validate pass
 [09:17:18:352][DEBUG] (application:preHandle) - security Interceptor start-------------------------
 [09:17:18:352][DEBUG] (application:preHandle) - request URL:/WMS/systemAdmin/supplierManage/getSupplierList;roleName:systemAdmin;modeName:supplierManage;methodName:getSupplierList
 [09:17:18:352][DEBUG] (application:preHandle) - role validate pass
 [09:17:18:353][DEBUG] (application:preHandle) - request permission validate pass
 [09:17:21:096][DEBUG] (application:preHandle) - security Interceptor start-------------------------
 [09:17:21:096][DEBUG] (application:preHandle) - request URL:/WMS/systemAdmin/supplierManage/deleteSupplier;roleName:systemAdmin;modeName:supplierManage;methodName:deleteSupplier
 [09:17:21:096][DEBUG] (application:preHandle) - role validate pass
 [09:17:21:096][DEBUG] (application:preHandle) - request permission validate pass
 [09:17:22:072][DEBUG] (application:preHandle) - security Interceptor start-------------------------
 [09:17:22:073][DEBUG] (application:preHandle) - request URL:/WMS/systemAdmin/supplierManage/getSupplierList;roleName:systemAdmin;modeName:supplierManage;methodName:getSupplierList
 [09:17:22:073][DEBUG] (application:preHandle) - role validate pass
 [09:17:22:073][DEBUG] (application:preHandle) - request permission validate pass
 [09:56:39:498][DEBUG] (application:preHandle) - security Interceptor start-------------------------
 [09:56:49:494][DEBUG] (application:signIn) - account validate start
 [09:56:49:516][DEBUG] (application:signIn) - account validate end successfully
 [09:56:49:538][INFO] (application:signIn) - 操作：用户登陆 用户ID:1001 IP:0:0:0:0:0:0:0:1 状态：success 信息:
 [09:56:49:576][DEBUG] (application:preHandle) - security Interceptor start-------------------------
 [09:56:49:717][DEBUG] (application:loadMenu) - get  menus by role:systemAdmin
 [09:56:49:717][DEBUG] (application:loadMenu) - get menus successfully
 [09:56:58:252][DEBUG] (application:preHandle) - security Interceptor start-------------------------
 [09:56:58:252][DEBUG] (application:preHandle) - request URL:/WMS/systemAdmin/repositoryAdminManage/getRepositoryAdminList;roleName:systemAdmin;modeName:repositoryAdminManage;methodName:getRepositoryAdminList
 [09:56:58:252][DEBUG] (application:preHandle) - role validate pass
 [09:56:58:253][DEBUG] (application:preHandle) - request permission validate pass
 [09:57:00:392][DEBUG] (application:preHandle) - security Interceptor start-------------------------
 [09:57:00:392][DEBUG] (application:preHandle) - request URL:/WMS/systemAdmin/repositoryAdminManage/getRepositoryAdminList;roleName:systemAdmin;modeName:repositoryAdminManage;methodName:getRepositoryAdminList
 [09:57:00:392][DEBUG] (application:preHandle) - role validate pass
 [09:57:00:392][DEBUG] (application:preHandle) - request permission validate pass
 [09:58:14:961][DEBUG] (application:preHandle) - security Interceptor start-------------------------
 [09:58:32:877][DEBUG] (application:signIn) - account validate start
 [09:58:32:902][INFO] (application:signIn) - 操作：用户登陆 用户ID:1001 IP:0:0:0:0:0:0:0:1 状态：error 信息:
 [09:58:47:479][DEBUG] (application:signIn) - account validate start
 [09:58:47:482][DEBUG] (application:signIn) - account validate end successfully
 [09:58:47:501][INFO] (application:signIn) - 操作：用户登陆 用户ID:1001 IP:0:0:0:0:0:0:0:1 状态：success 信息:
 [09:58:47:509][DEBUG] (application:preHandle) - security Interceptor start-------------------------
 [09:58:47:639][DEBUG] (application:loadMenu) - get  menus by role:systemAdmin
 [09:58:47:639][DEBUG] (application:loadMenu) - get menus successfully
 [09:58:50:529][DEBUG] (application:preHandle) - security Interceptor start-------------------------
 [09:58:50:529][DEBUG] (application:preHandle) - request URL:/WMS/systemAdmin/repositoryAdminManage/getRepositoryAdminList;roleName:systemAdmin;modeName:repositoryAdminManage;methodName:getRepositoryAdminList
 [09:58:50:530][DEBUG] (application:preHandle) - role validate pass
 [09:58:50:530][DEBUG] (application:preHandle) - request permission validate pass
 [09:58:52:669][DEBUG] (application:preHandle) - security Interceptor start-------------------------
 [09:58:52:670][DEBUG] (application:preHandle) - request URL:/WMS/systemAdmin/repositoryAdminManage/getRepositoryAdminList;roleName:systemAdmin;modeName:repositoryAdminManage;methodName:getRepositoryAdminList
 [09:58:52:670][DEBUG] (application:preHandle) - role validate pass
 [09:58:52:670][DEBUG] (application:preHandle) - request permission validate pass
 [09:59:03:830][DEBUG] (application:preHandle) - security Interceptor start-------------------------
 [09:59:03:830][DEBUG] (application:preHandle) - request URL:/WMS/systemAdmin/repositoryAdminManage/getRepositoryAdminList;roleName:systemAdmin;modeName:repositoryAdminManage;methodName:getRepositoryAdminList
 [09:59:03:831][DEBUG] (application:preHandle) - role validate pass
 [09:59:03:831][DEBUG] (application:preHandle) - request permission validate pass
 [09:59:14:383][DEBUG] (application:preHandle) - security Interceptor start-------------------------
 [09:59:14:384][DEBUG] (application:preHandle) - request URL:/WMS/systemAdmin/repositoryAdminManage/getRepositoryAdminList;roleName:systemAdmin;modeName:repositoryAdminManage;methodName:getRepositoryAdminList
 [09:59:14:384][DEBUG] (application:preHandle) - role validate pass
 [09:59:14:384][DEBUG] (application:preHandle) - request permission validate pass
 [09:59:19:662][DEBUG] (application:preHandle) - security Interceptor start-------------------------
 [09:59:19:662][DEBUG] (application:preHandle) - request URL:/WMS/systemAdmin/repositoryAdminManage/getRepositoryAdminList;roleName:systemAdmin;modeName:repositoryAdminManage;methodName:getRepositoryAdminList
 [09:59:19:663][DEBUG] (application:preHandle) - role validate pass
 [09:59:19:663][DEBUG] (application:preHandle) - request permission validate pass
 [09:59:22:075][DEBUG] (application:preHandle) - security Interceptor start-------------------------
 [09:59:22:075][DEBUG] (application:preHandle) - request URL:/WMS/systemAdmin/repositoryAdminManage/getRepositoryAdminList;roleName:systemAdmin;modeName:repositoryAdminManage;methodName:getRepositoryAdminList
 [09:59:22:075][DEBUG] (application:preHandle) - role validate pass
 [09:59:22:076][DEBUG] (application:preHandle) - request permission validate pass
 [09:59:27:733][DEBUG] (application:preHandle) - security Interceptor start-------------------------
 [09:59:27:733][DEBUG] (application:preHandle) - request URL:/WMS/systemAdmin/repositoryAdminManage/getRepositoryAdminList;roleName:systemAdmin;modeName:repositoryAdminManage;methodName:getRepositoryAdminList
 [09:59:27:733][DEBUG] (application:preHandle) - role validate pass
 [09:59:27:733][DEBUG] (application:preHandle) - request permission validate pass
 [10:03:37:454][DEBUG] (application:preHandle) - security Interceptor start-------------------------
 [10:03:51:844][DEBUG] (application:signIn) - account validate start
 [10:03:51:857][DEBUG] (application:signIn) - account validate end successfully
 [10:03:51:875][INFO] (application:signIn) - 操作：用户登陆 用户ID:1001 IP:0:0:0:0:0:0:0:1 状态：success 信息:
 [10:03:51:928][DEBUG] (application:preHandle) - security Interceptor start-------------------------
 [10:03:52:077][DEBUG] (application:loadMenu) - get  menus by role:systemAdmin
 [10:03:52:078][DEBUG] (application:loadMenu) - get menus successfully
 [10:03:56:301][DEBUG] (application:preHandle) - security Interceptor start-------------------------
 [10:03:56:301][DEBUG] (application:preHandle) - request URL:/WMS/systemAdmin/repositoryAdminManage/getRepositoryAdminList;roleName:systemAdmin;modeName:repositoryAdminManage;methodName:getRepositoryAdminList
 [10:03:56:301][DEBUG] (application:preHandle) - role validate pass
 [10:03:56:301][DEBUG] (application:preHandle) - request permission validate pass
 [10:03:58:485][DEBUG] (application:preHandle) - security Interceptor start-------------------------
 [10:03:58:485][DEBUG] (application:preHandle) - request URL:/WMS/systemAdmin/repositoryAdminManage/getRepositoryAdminList;roleName:systemAdmin;modeName:repositoryAdminManage;methodName:getRepositoryAdminList
 [10:03:58:486][DEBUG] (application:preHandle) - role validate pass
 [10:03:58:486][DEBUG] (application:preHandle) - request permission validate pass
 [10:04:01:152][DEBUG] (application:preHandle) - security Interceptor start-------------------------
 [10:04:01:152][DEBUG] (application:preHandle) - request URL:/WMS/systemAdmin/repositoryAdminManage/exportRepositoryAdmin;roleName:systemAdmin;modeName:repositoryAdminManage;methodName:exportRepositoryAdmin
 [10:04:01:153][DEBUG] (application:preHandle) - role validate pass
 [10:04:01:153][DEBUG] (application:preHandle) - request permission validate pass
 [10:08:07:918][DEBUG] (application:preHandle) - security Interceptor start-------------------------
 [10:08:08:236][DEBUG] (application:preHandle) - security Interceptor start-------------------------
 [10:08:11:264][DEBUG] (application:preHandle) - security Interceptor start-------------------------
 [10:08:22:506][DEBUG] (application:signIn) - account validate start
 [10:08:22:528][INFO] (application:signIn) - 操作：用户登陆 用户ID:1001 IP:0:0:0:0:0:0:0:1 状态：error 信息:
 [10:08:30:420][DEBUG] (application:signIn) - account validate start
 [10:08:30:425][INFO] (application:signIn) - 操作：用户登陆 用户ID:1001 IP:0:0:0:0:0:0:0:1 状态：error 信息:
 [10:08:44:217][DEBUG] (application:signIn) - account validate start
 [10:08:44:219][DEBUG] (application:signIn) - account validate end successfully
 [10:08:44:237][INFO] (application:signIn) - 操作：用户登陆 用户ID:1001 IP:0:0:0:0:0:0:0:1 状态：success 信息:
 [10:08:44:245][DEBUG] (application:preHandle) - security Interceptor start-------------------------
 [10:08:44:426][DEBUG] (application:loadMenu) - get  menus by role:systemAdmin
 [10:08:44:426][DEBUG] (application:loadMenu) - get menus successfully
 [10:08:47:038][DEBUG] (application:preHandle) - security Interceptor start-------------------------
 [10:08:47:039][DEBUG] (application:preHandle) - request URL:/WMS/systemAdmin/repositoryAdminManage/getRepositoryAdminList;roleName:systemAdmin;modeName:repositoryAdminManage;methodName:getRepositoryAdminList
 [10:08:47:039][DEBUG] (application:preHandle) - role validate pass
 [10:08:47:039][DEBUG] (application:preHandle) - request permission validate pass
 [10:08:49:546][DEBUG] (application:preHandle) - security Interceptor start-------------------------
 [10:08:49:547][DEBUG] (application:preHandle) - request URL:/WMS/systemAdmin/repositoryAdminManage/getRepositoryAdminList;roleName:systemAdmin;modeName:repositoryAdminManage;methodName:getRepositoryAdminList
 [10:08:49:547][DEBUG] (application:preHandle) - role validate pass
 [10:08:49:547][DEBUG] (application:preHandle) - request permission validate pass
 [10:08:53:585][DEBUG] (application:preHandle) - security Interceptor start-------------------------
 [10:08:53:585][DEBUG] (application:preHandle) - request URL:/WMS/systemAdmin/repositoryAdminManage/exportRepositoryAdmin;roleName:systemAdmin;modeName:repositoryAdminManage;methodName:exportRepositoryAdmin
 [10:08:53:585][DEBUG] (application:preHandle) - role validate pass
 [10:08:53:585][DEBUG] (application:preHandle) - request permission validate pass
 [10:09:56:982][DEBUG] (application:preHandle) - security Interceptor start-------------------------
 [10:09:57:115][DEBUG] (application:preHandle) - security Interceptor start-------------------------
 [10:09:58:255][DEBUG] (application:preHandle) - security Interceptor start-------------------------
 [10:10:12:611][DEBUG] (application:signIn) - account validate start
 [10:10:12:634][INFO] (application:signIn) - 操作：用户登陆 用户ID:1001 IP:0:0:0:0:0:0:0:1 状态：error 信息:
 [10:10:21:266][DEBUG] (application:signIn) - account validate start
 [10:10:21:268][DEBUG] (application:signIn) - account validate end successfully
 [10:10:21:284][INFO] (application:signIn) - 操作：用户登陆 用户ID:1001 IP:0:0:0:0:0:0:0:1 状态：success 信息:
 [10:10:21:293][DEBUG] (application:preHandle) - security Interceptor start-------------------------
 [10:10:21:421][DEBUG] (application:loadMenu) - get  menus by role:systemAdmin
 [10:10:21:421][DEBUG] (application:loadMenu) - get menus successfully
 [10:10:23:513][DEBUG] (application:preHandle) - security Interceptor start-------------------------
 [10:10:23:513][DEBUG] (application:preHandle) - request URL:/WMS/systemAdmin/repositoryAdminManage/getRepositoryAdminList;roleName:systemAdmin;modeName:repositoryAdminManage;methodName:getRepositoryAdminList
 [10:10:23:514][DEBUG] (application:preHandle) - role validate pass
 [10:10:23:514][DEBUG] (application:preHandle) - request permission validate pass
 [10:10:25:738][DEBUG] (application:preHandle) - security Interceptor start-------------------------
 [10:10:25:739][DEBUG] (application:preHandle) - request URL:/WMS/systemAdmin/repositoryAdminManage/getRepositoryAdminList;roleName:systemAdmin;modeName:repositoryAdminManage;methodName:getRepositoryAdminList
 [10:10:25:739][DEBUG] (application:preHandle) - role validate pass
 [10:10:25:739][DEBUG] (application:preHandle) - request permission validate pass
 [10:10:27:471][DEBUG] (application:preHandle) - security Interceptor start-------------------------
 [10:10:27:471][DEBUG] (application:preHandle) - request URL:/WMS/systemAdmin/repositoryAdminManage/exportRepositoryAdmin;roleName:systemAdmin;modeName:repositoryAdminManage;methodName:exportRepositoryAdmin
 [10:10:27:471][DEBUG] (application:preHandle) - role validate pass
 [10:10:27:471][DEBUG] (application:preHandle) - request permission validate pass
 [10:10:35:717][DEBUG] (application:preHandle) - security Interceptor start-------------------------
 [10:10:35:717][DEBUG] (application:preHandle) - request URL:/WMS/systemAdmin/repositoryAdminManage/exportRepositoryAdmin;roleName:systemAdmin;modeName:repositoryAdminManage;methodName:exportRepositoryAdmin
 [10:10:35:718][DEBUG] (application:preHandle) - role validate pass
 [10:10:35:718][DEBUG] (application:preHandle) - request permission validate pass
 [10:11:19:006][DEBUG] (application:preHandle) - security Interceptor start-------------------------
 [10:11:19:006][DEBUG] (application:preHandle) - request URL:/WMS/systemAdmin/supplierManage/getSupplierList;roleName:systemAdmin;modeName:supplierManage;methodName:getSupplierList
 [10:11:19:006][DEBUG] (application:preHandle) - role validate pass
 [10:11:19:006][DEBUG] (application:preHandle) - request permission validate pass
 [10:11:20:883][DEBUG] (application:preHandle) - security Interceptor start-------------------------
 [10:11:20:883][DEBUG] (application:preHandle) - request URL:/WMS/systemAdmin/supplierManage/getSupplierList;roleName:systemAdmin;modeName:supplierManage;methodName:getSupplierList
 [10:11:20:884][DEBUG] (application:preHandle) - role validate pass
 [10:11:20:884][DEBUG] (application:preHandle) - request permission validate pass
 [10:11:23:234][DEBUG] (application:preHandle) - security Interceptor start-------------------------
 [10:11:23:235][DEBUG] (application:preHandle) - request URL:/WMS/systemAdmin/supplierManage/exportSupplier;roleName:systemAdmin;modeName:supplierManage;methodName:exportSupplier
 [10:11:23:235][DEBUG] (application:preHandle) - role validate pass
 [10:11:23:235][DEBUG] (application:preHandle) - request permission validate pass
 [10:14:51:746][DEBUG] (application:preHandle) - security Interceptor start-------------------------
 [10:15:03:595][DEBUG] (application:signIn) - account validate start
 [10:15:03:618][DEBUG] (application:signIn) - account validate end successfully
 [10:15:03:638][INFO] (application:signIn) - 操作：用户登陆 用户ID:1001 IP:0:0:0:0:0:0:0:1 状态：success 信息:
 [10:15:03:686][DEBUG] (application:preHandle) - security Interceptor start-------------------------
 [10:15:03:798][DEBUG] (application:loadMenu) - get  menus by role:systemAdmin
 [10:15:03:798][DEBUG] (application:loadMenu) - get menus successfully
 [10:15:07:111][DEBUG] (application:preHandle) - security Interceptor start-------------------------
 [10:15:07:112][DEBUG] (application:preHandle) - request URL:/WMS/systemAdmin/repositoryAdminManage/getRepositoryAdminList;roleName:systemAdmin;modeName:repositoryAdminManage;methodName:getRepositoryAdminList
 [10:15:07:112][DEBUG] (application:preHandle) - role validate pass
 [10:15:07:112][DEBUG] (application:preHandle) - request permission validate pass
 [10:15:09:635][DEBUG] (application:preHandle) - security Interceptor start-------------------------
 [10:15:09:635][DEBUG] (application:preHandle) - request URL:/WMS/systemAdmin/repositoryAdminManage/getRepositoryAdminList;roleName:systemAdmin;modeName:repositoryAdminManage;methodName:getRepositoryAdminList
 [10:15:09:635][DEBUG] (application:preHandle) - role validate pass
 [10:15:09:636][DEBUG] (application:preHandle) - request permission validate pass
 [10:15:11:608][DEBUG] (application:preHandle) - security Interceptor start-------------------------
 [10:15:11:608][DEBUG] (application:preHandle) - request URL:/WMS/systemAdmin/repositoryAdminManage/exportRepositoryAdmin;roleName:systemAdmin;modeName:repositoryAdminManage;methodName:exportRepositoryAdmin
 [10:15:11:609][DEBUG] (application:preHandle) - role validate pass
 [10:15:11:609][DEBUG] (application:preHandle) - request permission validate pass
 [10:17:19:511][DEBUG] (application:preHandle) - security Interceptor start-------------------------
 [10:17:30:275][DEBUG] (application:signIn) - account validate start
 [10:17:30:301][INFO] (application:signIn) - 操作：用户登陆 用户ID:1001 IP:0:0:0:0:0:0:0:1 状态：error 信息:
 [10:17:38:488][DEBUG] (application:signIn) - account validate start
 [10:17:38:491][DEBUG] (application:signIn) - account validate end successfully
 [10:17:38:511][INFO] (application:signIn) - 操作：用户登陆 用户ID:1001 IP:0:0:0:0:0:0:0:1 状态：success 信息:
 [10:17:38:526][DEBUG] (application:preHandle) - security Interceptor start-------------------------
 [10:17:38:684][DEBUG] (application:loadMenu) - get  menus by role:systemAdmin
 [10:17:38:684][DEBUG] (application:loadMenu) - get menus successfully
 [10:17:45:348][DEBUG] (application:preHandle) - security Interceptor start-------------------------
 [10:17:45:348][DEBUG] (application:preHandle) - request URL:/WMS/systemAdmin/repositoryAdminManage/getRepositoryAdminList;roleName:systemAdmin;modeName:repositoryAdminManage;methodName:getRepositoryAdminList
 [10:17:45:348][DEBUG] (application:preHandle) - role validate pass
 [10:17:45:349][DEBUG] (application:preHandle) - request permission validate pass
 [10:17:48:235][DEBUG] (application:preHandle) - security Interceptor start-------------------------
 [10:17:48:235][DEBUG] (application:preHandle) - request URL:/WMS/systemAdmin/repositoryAdminManage/getRepositoryAdminList;roleName:systemAdmin;modeName:repositoryAdminManage;methodName:getRepositoryAdminList
 [10:17:48:235][DEBUG] (application:preHandle) - role validate pass
 [10:17:48:235][DEBUG] (application:preHandle) - request permission validate pass
 [10:17:50:986][DEBUG] (application:preHandle) - security Interceptor start-------------------------
 [10:17:50:986][DEBUG] (application:preHandle) - request URL:/WMS/systemAdmin/repositoryAdminManage/exportRepositoryAdmin;roleName:systemAdmin;modeName:repositoryAdminManage;methodName:exportRepositoryAdmin
 [10:17:50:986][DEBUG] (application:preHandle) - role validate pass
 [10:17:50:987][DEBUG] (application:preHandle) - request permission validate pass
 [10:19:35:922][DEBUG] (application:preHandle) - security Interceptor start-------------------------
 [10:19:52:210][DEBUG] (application:signIn) - account validate start
 [10:19:52:228][DEBUG] (application:signIn) - account validate end successfully
 [10:19:52:253][INFO] (application:signIn) - 操作：用户登陆 用户ID:1001 IP:0:0:0:0:0:0:0:1 状态：success 信息:
 [10:19:52:299][DEBUG] (application:preHandle) - security Interceptor start-------------------------
 [10:19:52:411][DEBUG] (application:loadMenu) - get  menus by role:systemAdmin
 [10:19:52:412][DEBUG] (application:loadMenu) - get menus successfully
 [10:19:54:751][DEBUG] (application:preHandle) - security Interceptor start-------------------------
 [10:19:54:751][DEBUG] (application:preHandle) - request URL:/WMS/systemAdmin/repositoryAdminManage/getRepositoryAdminList;roleName:systemAdmin;modeName:repositoryAdminManage;methodName:getRepositoryAdminList
 [10:19:54:752][DEBUG] (application:preHandle) - role validate pass
 [10:19:54:752][DEBUG] (application:preHandle) - request permission validate pass
 [10:19:57:106][DEBUG] (application:preHandle) - security Interceptor start-------------------------
 [10:19:57:106][DEBUG] (application:preHandle) - request URL:/WMS/systemAdmin/repositoryAdminManage/getRepositoryAdminList;roleName:systemAdmin;modeName:repositoryAdminManage;methodName:getRepositoryAdminList
 [10:19:57:106][DEBUG] (application:preHandle) - role validate pass
 [10:19:57:106][DEBUG] (application:preHandle) - request permission validate pass
 [10:19:59:394][DEBUG] (application:preHandle) - security Interceptor start-------------------------
 [10:19:59:394][DEBUG] (application:preHandle) - request URL:/WMS/systemAdmin/repositoryAdminManage/exportRepositoryAdmin;roleName:systemAdmin;modeName:repositoryAdminManage;methodName:exportRepositoryAdmin
 [10:19:59:394][DEBUG] (application:preHandle) - role validate pass
 [10:19:59:394][DEBUG] (application:preHandle) - request permission validate pass
 [10:26:20:357][DEBUG] (application:preHandle) - security Interceptor start-------------------------
 [10:26:20:643][DEBUG] (application:preHandle) - security Interceptor start-------------------------
 [10:26:29:726][DEBUG] (application:preHandle) - security Interceptor start-------------------------
 [10:26:43:292][DEBUG] (application:signIn) - account validate start
 [10:26:43:310][DEBUG] (application:signIn) - account validate end successfully
 [10:26:43:330][INFO] (application:signIn) - 操作：用户登陆 用户ID:1001 IP:0:0:0:0:0:0:0:1 状态：success 信息:
 [10:26:43:368][DEBUG] (application:preHandle) - security Interceptor start-------------------------
 [10:26:43:547][DEBUG] (application:loadMenu) - get  menus by role:systemAdmin
 [10:26:43:547][DEBUG] (application:loadMenu) - get menus successfully
 [10:26:45:758][DEBUG] (application:preHandle) - security Interceptor start-------------------------
 [10:26:45:758][DEBUG] (application:preHandle) - request URL:/WMS/systemAdmin/repositoryAdminManage/getRepositoryAdminList;roleName:systemAdmin;modeName:repositoryAdminManage;methodName:getRepositoryAdminList
 [10:26:45:759][DEBUG] (application:preHandle) - role validate pass
 [10:26:45:759][DEBUG] (application:preHandle) - request permission validate pass
 [10:26:48:937][DEBUG] (application:preHandle) - security Interceptor start-------------------------
 [10:26:48:938][DEBUG] (application:preHandle) - request URL:/WMS/systemAdmin/repositoryAdminManage/getRepositoryAdminList;roleName:systemAdmin;modeName:repositoryAdminManage;methodName:getRepositoryAdminList
 [10:26:48:938][DEBUG] (application:preHandle) - role validate pass
 [10:26:48:938][DEBUG] (application:preHandle) - request permission validate pass
 [10:26:50:817][DEBUG] (application:preHandle) - security Interceptor start-------------------------
 [10:26:50:819][DEBUG] (application:preHandle) - request URL:/WMS/systemAdmin/repositoryAdminManage/exportRepositoryAdmin;roleName:systemAdmin;modeName:repositoryAdminManage;methodName:exportRepositoryAdmin
 [10:26:50:819][DEBUG] (application:preHandle) - role validate pass
 [10:26:50:819][DEBUG] (application:preHandle) - request permission validate pass
 [10:30:21:354][DEBUG] (application:preHandle) - security Interceptor start-------------------------
 [10:30:42:861][DEBUG] (application:signIn) - account validate start
 [10:30:42:881][DEBUG] (application:signIn) - account validate end successfully
 [10:30:42:904][INFO] (application:signIn) - 操作：用户登陆 用户ID:1001 IP:0:0:0:0:0:0:0:1 状态：success 信息:
 [10:30:42:952][DEBUG] (application:preHandle) - security Interceptor start-------------------------
 [10:30:43:076][DEBUG] (application:loadMenu) - get  menus by role:systemAdmin
 [10:30:43:076][DEBUG] (application:loadMenu) - get menus successfully
 [10:30:54:511][DEBUG] (application:preHandle) - security Interceptor start-------------------------
 [10:30:54:511][DEBUG] (application:preHandle) - request URL:/WMS/systemAdmin/repositoryAdminManage/getRepositoryAdminList;roleName:systemAdmin;modeName:repositoryAdminManage;methodName:getRepositoryAdminList
 [10:30:54:511][DEBUG] (application:preHandle) - role validate pass
 [10:30:54:512][DEBUG] (application:preHandle) - request permission validate pass
 [10:30:56:657][DEBUG] (application:preHandle) - security Interceptor start-------------------------
 [10:30:56:658][DEBUG] (application:preHandle) - request URL:/WMS/systemAdmin/repositoryAdminManage/getRepositoryAdminList;roleName:systemAdmin;modeName:repositoryAdminManage;methodName:getRepositoryAdminList
 [10:30:56:658][DEBUG] (application:preHandle) - role validate pass
 [10:30:56:658][DEBUG] (application:preHandle) - request permission validate pass
 [10:30:58:648][DEBUG] (application:preHandle) - security Interceptor start-------------------------
 [10:30:58:649][DEBUG] (application:preHandle) - request URL:/WMS/systemAdmin/repositoryAdminManage/exportRepositoryAdmin;roleName:systemAdmin;modeName:repositoryAdminManage;methodName:exportRepositoryAdmin
 [10:30:58:649][DEBUG] (application:preHandle) - role validate pass
 [10:30:58:649][DEBUG] (application:preHandle) - request permission validate pass
 [10:33:18:356][DEBUG] (application:preHandle) - security Interceptor start-------------------------
 [10:33:28:552][DEBUG] (application:signIn) - account validate start
 [10:33:28:572][DEBUG] (application:signIn) - account validate end successfully
 [10:33:28:594][INFO] (application:signIn) - 操作：用户登陆 用户ID:1001 IP:0:0:0:0:0:0:0:1 状态：success 信息:
 [10:33:28:635][DEBUG] (application:preHandle) - security Interceptor start-------------------------
 [10:33:28:769][DEBUG] (application:loadMenu) - get  menus by role:systemAdmin
 [10:33:28:769][DEBUG] (application:loadMenu) - get menus successfully
 [10:33:31:265][DEBUG] (application:preHandle) - security Interceptor start-------------------------
 [10:33:31:265][DEBUG] (application:preHandle) - request URL:/WMS/systemAdmin/repositoryAdminManage/getRepositoryAdminList;roleName:systemAdmin;modeName:repositoryAdminManage;methodName:getRepositoryAdminList
 [10:33:31:265][DEBUG] (application:preHandle) - role validate pass
 [10:33:31:266][DEBUG] (application:preHandle) - request permission validate pass
 [10:33:33:673][DEBUG] (application:preHandle) - security Interceptor start-------------------------
 [10:33:33:673][DEBUG] (application:preHandle) - request URL:/WMS/systemAdmin/repositoryAdminManage/getRepositoryAdminList;roleName:systemAdmin;modeName:repositoryAdminManage;methodName:getRepositoryAdminList
 [10:33:33:673][DEBUG] (application:preHandle) - role validate pass
 [10:33:33:674][DEBUG] (application:preHandle) - request permission validate pass
 [10:33:35:175][DEBUG] (application:preHandle) - security Interceptor start-------------------------
 [10:33:35:176][DEBUG] (application:preHandle) - request URL:/WMS/systemAdmin/repositoryAdminManage/exportRepositoryAdmin;roleName:systemAdmin;modeName:repositoryAdminManage;methodName:exportRepositoryAdmin
 [10:33:35:176][DEBUG] (application:preHandle) - role validate pass
 [10:33:35:176][DEBUG] (application:preHandle) - request permission validate pass
 [11:19:25:054][DEBUG] (application:preHandle) - security Interceptor start-------------------------
 [11:19:38:945][DEBUG] (application:signIn) - account validate start
 [11:19:38:978][INFO] (application:signIn) - 操作：用户登陆 用户ID:1001 IP:0:0:0:0:0:0:0:1 状态：error 信息:
 [11:19:48:383][DEBUG] (application:signIn) - account validate start
 [11:19:48:385][DEBUG] (application:signIn) - account validate end successfully
 [11:19:48:407][INFO] (application:signIn) - 操作：用户登陆 用户ID:1001 IP:0:0:0:0:0:0:0:1 状态：success 信息:
 [11:19:48:435][DEBUG] (application:preHandle) - security Interceptor start-------------------------
 [11:19:48:617][DEBUG] (application:loadMenu) - get  menus by role:systemAdmin
 [11:19:48:617][DEBUG] (application:loadMenu) - get menus successfully
 [11:19:50:486][DEBUG] (application:preHandle) - security Interceptor start-------------------------
 [11:19:50:486][DEBUG] (application:preHandle) - request URL:/WMS/systemAdmin/repositoryAdminManage/getRepositoryAdminList;roleName:systemAdmin;modeName:repositoryAdminManage;methodName:getRepositoryAdminList
 [11:19:50:486][DEBUG] (application:preHandle) - role validate pass
 [11:19:50:487][DEBUG] (application:preHandle) - request permission validate pass
 [11:19:52:332][DEBUG] (application:preHandle) - security Interceptor start-------------------------
 [11:19:52:332][DEBUG] (application:preHandle) - request URL:/WMS/systemAdmin/repositoryAdminManage/getRepositoryAdminList;roleName:systemAdmin;modeName:repositoryAdminManage;methodName:getRepositoryAdminList
 [11:19:52:333][DEBUG] (application:preHandle) - role validate pass
 [11:19:52:333][DEBUG] (application:preHandle) - request permission validate pass
 [11:19:54:206][DEBUG] (application:preHandle) - security Interceptor start-------------------------
 [11:19:54:206][DEBUG] (application:preHandle) - request URL:/WMS/systemAdmin/repositoryAdminManage/exportRepositoryAdmin;roleName:systemAdmin;modeName:repositoryAdminManage;methodName:exportRepositoryAdmin
 [11:19:54:206][DEBUG] (application:preHandle) - role validate pass
 [11:19:54:207][DEBUG] (application:preHandle) - request permission validate pass
 [11:22:12:017][DEBUG] (application:preHandle) - security Interceptor start-------------------------
 [11:22:22:807][DEBUG] (application:signIn) - account validate start
 [11:22:22:830][DEBUG] (application:signIn) - account validate end successfully
 [11:22:22:853][INFO] (application:signIn) - 操作：用户登陆 用户ID:1001 IP:0:0:0:0:0:0:0:1 状态：success 信息:
 [11:22:22:894][DEBUG] (application:preHandle) - security Interceptor start-------------------------
 [11:22:23:046][DEBUG] (application:loadMenu) - get  menus by role:systemAdmin
 [11:22:23:047][DEBUG] (application:loadMenu) - get menus successfully
 [11:22:25:089][DEBUG] (application:preHandle) - security Interceptor start-------------------------
 [11:22:25:090][DEBUG] (application:preHandle) - request URL:/WMS/systemAdmin/repositoryAdminManage/getRepositoryAdminList;roleName:systemAdmin;modeName:repositoryAdminManage;methodName:getRepositoryAdminList
 [11:22:25:090][DEBUG] (application:preHandle) - role validate pass
 [11:22:25:090][DEBUG] (application:preHandle) - request permission validate pass
 [11:22:27:357][DEBUG] (application:preHandle) - security Interceptor start-------------------------
 [11:22:27:357][DEBUG] (application:preHandle) - request URL:/WMS/systemAdmin/repositoryAdminManage/getRepositoryAdminList;roleName:systemAdmin;modeName:repositoryAdminManage;methodName:getRepositoryAdminList
 [11:22:27:357][DEBUG] (application:preHandle) - role validate pass
 [11:22:27:357][DEBUG] (application:preHandle) - request permission validate pass
 [11:22:29:238][DEBUG] (application:preHandle) - security Interceptor start-------------------------
 [11:22:29:238][DEBUG] (application:preHandle) - request URL:/WMS/systemAdmin/repositoryAdminManage/exportRepositoryAdmin;roleName:systemAdmin;modeName:repositoryAdminManage;methodName:exportRepositoryAdmin
 [11:22:29:238][DEBUG] (application:preHandle) - role validate pass
 [11:22:29:238][DEBUG] (application:preHandle) - request permission validate pass
 